<?xml version="1.0" encoding="UTF-8"?>
<testsuite name="com.highgarden.springboot_board.SpringbootBoardApplicationTests" tests="1" skipped="0" failures="0" errors="0" timestamp="2024-09-26T06:25:31" hostname="DESKTOP-C9CFMVF" time="0.683">
  <properties/>
  <testcase name="contextLoads()" classname="com.highgarden.springboot_board.SpringbootBoardApplicationTests" time="0.683"/>
  <system-out><![CDATA[15:25:29.878 [Test worker] INFO org.springframework.test.context.support.AnnotationConfigContextLoaderUtils -- Could not detect default configuration classes for test class [com.highgarden.springboot_board.SpringbootBoardApplicationTests]: SpringbootBoardApplicationTests does not declare any static, non-private, non-final, nested classes annotated with @Configuration.
15:25:29.967 [Test worker] INFO org.springframework.boot.test.context.SpringBootTestContextBootstrapper -- Found @SpringBootConfiguration com.highgarden.springboot_board.SpringbootBoardApplication for test class com.highgarden.springboot_board.SpringbootBoardApplicationTests

  .   ____          _            __ _ _
 /\\ / ___'_ __ _ _(_)_ __  __ _ \ \ \ \
( ( )\___ | '_ | '_| | '_ \/ _` | \ \ \ \
 \\/  ___)| |_)| | | | | || (_| |  ) ) ) )
  '  |____| .__|_| |_|_| |_\__, | / / / /
 =========|_|==============|___/=/_/_/_/
 :: Spring Boot ::                (v3.2.9)

2024-09-26T15:25:30.313+09:00  INFO 8524 --- [    Test worker] c.h.s.SpringbootBoardApplicationTests    : Starting SpringbootBoardApplicationTests using Java 17.0.12 with PID 8524 (started by 노은비 in D:\board_tistory\springboot-board)
2024-09-26T15:25:30.314+09:00  INFO 8524 --- [    Test worker] c.h.s.SpringbootBoardApplicationTests    : No active profile set, falling back to 1 default profile: "default"
2024-09-26T15:25:30.950+09:00  WARN 8524 --- [    Test worker] o.m.s.mapper.ClassPathMapperScanner      : No MyBatis mapper was found in '[com.highgarden.springboot_board]' package. Please check your configuration.
2024-09-26T15:25:31.471+09:00  INFO 8524 --- [    Test worker] o.s.b.a.w.s.WelcomePageHandlerMapping    : Adding welcome page template: index
2024-09-26T15:25:31.790+09:00  INFO 8524 --- [    Test worker] c.h.s.SpringbootBoardApplicationTests    : Started SpringbootBoardApplicationTests in 1.682 seconds (process running for 2.654)
]]></system-out>
  <system-err><![CDATA[]]></system-err>
</testsuite>
